[debug] [2026-06-20T21:54:52.194Z] ----------------------------------------------------------------------
[debug] [2026-06-20T21:54:52.196Z] Command:       C:\Program Files\nodejs\node.exe C:\Users\Almacen\AppData\Roaming\npm\node_modules\firebase-tools\lib\bin\firebase.js login:ci
[debug] [2026-06-20T21:54:52.196Z] CLI Version:   15.22.0
[debug] [2026-06-20T21:54:52.196Z] Platform:      win32
[debug] [2026-06-20T21:54:52.196Z] Node Version:  v24.17.0
[debug] [2026-06-20T21:54:52.196Z] Detected Agent: unknown
[debug] [2026-06-20T21:54:52.196Z] Time:          Sat Jun 20 2026 15:54:52 GMT-0600 (hora estándar central)
[debug] [2026-06-20T21:54:52.196Z] ----------------------------------------------------------------------
[debug] 
[warn] !  Authenticating with a `login:ci` token is deprecated and will be removed in a future major version of `firebase-tools`. Instead, use a service account key with `GOOGLE_APPLICATION_CREDENTIALS`: https://cloud.google.com/docs/authentication/getting-started 
[info] 
[info] Visit this URL on this device to log in:
[info] https://accounts.google.com/o/oauth2/auth?client_id=563584335869-fgrhgmd47bqnekij5i8b5pr03ho849e6.apps.googleusercontent.com&scope=email%20openid%20https%3A%2F%2Fwww.googleapis.com%2Fauth%2Fcloudplatformprojects.readonly%20https%3A%2F%2Fwww.googleapis.com%2Fauth%2Ffirebase%20https%3A%2F%2Fwww.googleapis.com%2Fauth%2Fcloud-platform&response_type=code&state=423045749&redirect_uri=http%3A%2F%2Flocalhost%3A9005
[info] 
[info] Waiting for authentication...
[debug] [2026-06-20T21:54:58.213Z] >>> [apiv2][query] POST https://accounts.google.com/o/oauth2/token [none]
[debug] [2026-06-20T21:54:58.213Z] >>> [apiv2][body] POST https://accounts.google.com/o/oauth2/token [omitted]
[debug] [2026-06-20T21:54:58.443Z] Token Fetch Error: FirebaseError: FetchError: Invalid response body while trying to fetch https://accounts.google.com/o/oauth2/token: Premature close
    at RetryOperation._fn (C:\Users\Almacen\AppData\Roaming\npm\node_modules\firebase-tools\lib\apiv2.js:317:88)
    at process.processTicksAndRejections (node:internal/process/task_queues:104:5)
[error] Authentication Error: Your credentials are no longer valid. Please run firebase login --reauth

For CI servers and headless environments, generate a new token with firebase login:ci
[debug] [2026-06-20T21:54:58.447Z] >>> [apiv2][query] POST https://auth.firebase.tools/attest [none]
[debug] [2026-06-20T21:54:58.447Z] >>> [apiv2][body] POST https://auth.firebase.tools/attest {"session_id":"7dc38bfc-2087-4b26-ba58-0bbb789ed919"}
[debug] [2026-06-20T21:54:58.717Z] <<< [apiv2][status] POST https://auth.firebase.tools/attest 200
[debug] [2026-06-20T21:54:58.717Z] <<< [apiv2][body] POST https://auth.firebase.tools/attest {"token":"hAkFDUPn1InQdmz3P7F6RO-9FJheISihYHVhNE3uFw8"}
[info] 
[info] To sign in to the Firebase CLI:
[info] 
[info] 1. Take note of your session ID:
[info] 
[info]    7DC38
[info] 
[info] 2. Visit the URL below on any device and follow the instructions to get your code:
[info] 
[info]    https://auth.firebase.tools/login?code_challenge=Ih2Xn6X7s3QUShC5WljaaOqgoNi3kjYYi__9fwOqKA0&session=7dc38bfc-2087-4b26-ba58-0bbb789ed919&attest=hAkFDUPn1InQdmz3P7F6RO-9FJheISihYHVhNE3uFw8
[info] 
[info] 3. Paste or enter the authorization code below once you have it:
[info] 
